<?xml version="1.0" encoding="UTF-8"?>
<!-- Generated by org.testng.reporters.JUnitXMLReporter -->
<testsuite ignored="1" hostname="DESKTOP-4HRJJAG" failures="0" tests="1" name="FirefoxTest" time="40.353" errors="0" timestamp="2025-08-20T09:16:19 IST">
  <testcase classname="demopackage.ManageNewsTest" name="newsUpdate" time="13.625"/>
  <testcase classname="demopackage.ManageNewsTest" name="manageNews" time="0.0">
    <ignored/>
  </testcase> <!-- manageNews -->
</testsuite> <!-- FirefoxTest -->
