<?xml version="1.0" encoding="UTF-8"?>
<!-- Generated by org.testng.reporters.JUnitXMLReporter -->
<testsuite ignored="0" hostname="DESKTOP-4HRJJAG" failures="0" tests="2" name="EdgeTest" time="0.047" errors="0" timestamp="2025-08-19T10:04:09 IST">
  <testcase classname="demopackage.ManageNewsTest" name="manageNews" time="0.0">
    <skipped/>
  </testcase> <!-- manageNews -->
  <testcase classname="demopackage.ManageNewsTest" name="newsUpdate" time="0.0">
    <skipped/>
  </testcase> <!-- newsUpdate -->
</testsuite> <!-- EdgeTest -->
