<?xml version="1.0" encoding="UTF-8"?>
<!-- Generated by org.testng.reporters.JUnitXMLReporter -->
<testsuite ignored="0" hostname="DESKTOP-4HRJJAG" failures="1" tests="2" name="firefoxTest" time="10.415" errors="0" timestamp="2025-08-14T11:44:29 IST">
  <testcase classname="demopackage.ManageNewsTest" name="manageNews" time="0.239">
    <failure type="java.lang.NullPointerException" message="Cannot invoke &amp;quot;org.apache.poi.xssf.usermodel.XSSFSheet.getRow(int)&amp;quot; because &amp;quot;utilities.ExcelUtilities.sh&amp;quot; is null">
      <![CDATA[java.lang.NullPointerException: Cannot invoke "org.apache.poi.xssf.usermodel.XSSFSheet.getRow(int)" because "utilities.ExcelUtilities.sh" is null
at utilities.ExcelUtilities.getStringData(ExcelUtilities.java:24)
at demopackage.ManageNewsTest.manageNews(ManageNewsTest.java:21)
at java.base/java.util.ArrayList.forEach(ArrayList.java:1596)
... Removed 25 stack frames]]>
    </failure>
  </testcase> <!-- manageNews -->
  <testcase classname="demopackage.ManageNewsTest" name="newsUpdate" time="0.0">
    <skipped/>
  </testcase> <!-- newsUpdate -->
</testsuite> <!-- firefoxTest -->
