<?xml version="1.0" encoding="UTF-8"?>
<!-- Generated by org.testng.reporters.JUnitXMLReporter -->
<testsuite ignored="0" hostname="DESKTOP-4HRJJAG" failures="0" tests="6" name="ChromeTest" time="18.893" errors="0" timestamp="2025-08-20T09:22:07 IST">
  <testcase classname="demopackage.LoginTest" name="loginWithValidCredentials" time="1.981"/>
  <testcase classname="demopackage.ManageNewsTest" name="manageNews" time="3.375"/>
  <testcase classname="demopackage.LoginTest" name="loginWithInvalidCredentials" time="1.129"/>
  <testcase classname="demopackage.ManageNewsTest" name="newsUpdate" time="3.436"/>
  <testcase classname="demopackage.LoginTest" name="loginWithValidUsername" time="0.636"/>
  <testcase classname="demopackage.LoginTest" name="loginWithValidPassword" time="0.526"/>
</testsuite> <!-- ChromeTest -->
