<?xml version="1.0" encoding="UTF-8"?>
<!-- Generated by org.testng.reporters.JUnitXMLReporter -->
<testsuite ignored="4" hostname="DESKTOP-4HRJJAG" failures="0" tests="2" name="Test" time="10.497" errors="0" timestamp="2025-08-18T20:50:02 IST">
  <testcase classname="demopackage.ManageNewsTest" name="manageNews" time="2.659"/>
  <testcase classname="demopackage.ManageNewsTest" name="newsUpdate" time="1.72"/>
  <testcase classname="demopackage.LoginTest" name="loginWithInvalidCredentials" time="0.0">
    <ignored/>
  </testcase> <!-- loginWithInvalidCredentials -->
  <testcase classname="demopackage.LoginTest" name="loginWithValidUsername" time="0.0">
    <ignored/>
  </testcase> <!-- loginWithValidUsername -->
  <testcase classname="demopackage.LoginTest" name="loginWithValidPassword" time="0.0">
    <ignored/>
  </testcase> <!-- loginWithValidPassword -->
  <testcase classname="demopackage.LoginTest" name="loginWithValidCredentials" time="0.0">
    <ignored/>
  </testcase> <!-- loginWithValidCredentials -->
</testsuite> <!-- Test -->
