<?xml version="1.0" encoding="UTF-8"?>
<!-- Generated by org.testng.reporters.JUnitXMLReporter -->
<testsuite ignored="0" hostname="DESKTOP-4HRJJAG" failures="0" tests="4" name="Default test" time="15.422" errors="0" timestamp="2025-08-04T10:49:25 IST">
  <testcase classname="demopackage.LoginTest" name="Loginpassccorrect" time="0.306"/>
  <testcase classname="demopackage.LoginTest" name="Loginusercorrect" time="0.367"/>
  <testcase classname="demopackage.LoginTest" name="loginBothincorrect" time="0.409"/>
  <testcase classname="demopackage.LoginTest" name="loginbothCorrect" time="1.126"/>
</testsuite> <!-- Default test -->
