<?xml version="1.0" encoding="UTF-8"?>
<!-- Generated by org.testng.reporters.JUnitXMLReporter -->
<testsuite ignored="3" hostname="DESKTOP-4HRJJAG" failures="0" tests="1" name="Default test" time="4.54" errors="0" timestamp="2025-08-14T22:21:47 IST">
  <testcase classname="demopackage.LoginTest" name="loginWithValidPassword" time="1.118"/>
  <testcase classname="demopackage.LoginTest" name="loginWithValidUsername" time="0.0">
    <ignored/>
  </testcase> <!-- loginWithValidUsername -->
  <testcase classname="demopackage.LoginTest" name="loginWithInvalidCredentials" time="0.0">
    <ignored/>
  </testcase> <!-- loginWithInvalidCredentials -->
  <testcase classname="demopackage.LoginTest" name="loginWithValidCredentials" time="0.0">
    <ignored/>
  </testcase> <!-- loginWithValidCredentials -->
</testsuite> <!-- Default test -->
