<?xml version="1.0" encoding="UTF-8"?>
<testng-results ignored="0" total="3" passed="3" failed="0" skipped="0">
  <reporter-output>
  </reporter-output>
  <suite started-at="2025-08-20T11:18:15 IST" name="Suite" finished-at="2025-08-20T11:18:35 IST" duration-ms="20301">
    <groups>
      <group name="regression">
        <method signature="ManageNewsTest.manageNews()[pri:0, instance:demopackage.ManageNewsTest@66ea810]" name="manageNews" class="demopackage.ManageNewsTest"/>
        <method signature="ManageNewsTest.newsUpdate()[pri:0, instance:demopackage.ManageNewsTest@66ea810]" name="newsUpdate" class="demopackage.ManageNewsTest"/>
      </group> <!-- regression -->
    </groups>
    <test started-at="2025-08-20T11:18:15 IST" name="Test" finished-at="2025-08-20T11:18:35 IST" duration-ms="20301">
      <class name="demopackage.ManageNewsTest">
        <test-method is-config="true" signature="browserIntialisation(java.lang.String)[pri:0, instance:demopackage.ManageNewsTest@66ea810]" started-at="2025-08-20T11:18:15 IST" name="browserIntialisation" finished-at="2025-08-20T11:18:23 IST" duration-ms="8445" status="PASS">
          <params>
            <param index="0">
              <value>
                <![CDATA[chrome]]>
              </value>
            </param>
          </params>
          <reporter-output>
          </reporter-output>
        </test-method> <!-- browserIntialisation -->
        <test-method signature="manageNews()[pri:0, instance:demopackage.ManageNewsTest@66ea810]" started-at="2025-08-20T11:18:23 IST" name="manageNews" finished-at="2025-08-20T11:18:27 IST" duration-ms="3633" status="PASS">
          <reporter-output>
          </reporter-output>
        </test-method> <!-- manageNews -->
        <test-method is-config="true" signature="quitandClose()[pri:0, instance:demopackage.ManageNewsTest@66ea810]" started-at="2025-08-20T11:18:27 IST" name="quitandClose" finished-at="2025-08-20T11:18:27 IST" duration-ms="339" status="PASS">
          <reporter-output>
          </reporter-output>
        </test-method> <!-- quitandClose -->
        <test-method is-config="true" signature="browserIntialisation(java.lang.String)[pri:0, instance:demopackage.ManageNewsTest@66ea810]" started-at="2025-08-20T11:18:27 IST" name="browserIntialisation" finished-at="2025-08-20T11:18:30 IST" duration-ms="2354" status="PASS">
          <params>
            <param index="0">
              <value>
                <![CDATA[chrome]]>
              </value>
            </param>
          </params>
          <reporter-output>
          </reporter-output>
        </test-method> <!-- browserIntialisation -->
        <test-method signature="newsUpdate()[pri:0, instance:demopackage.ManageNewsTest@66ea810]" started-at="2025-08-20T11:18:30 IST" name="newsUpdate" finished-at="2025-08-20T11:18:31 IST" duration-ms="1885" status="PASS">
          <reporter-output>
          </reporter-output>
        </test-method> <!-- newsUpdate -->
        <test-method is-config="true" signature="quitandClose()[pri:0, instance:demopackage.ManageNewsTest@66ea810]" started-at="2025-08-20T11:18:31 IST" name="quitandClose" finished-at="2025-08-20T11:18:32 IST" duration-ms="239" status="PASS">
          <reporter-output>
          </reporter-output>
        </test-method> <!-- quitandClose -->
      </class> <!-- demopackage.ManageNewsTest -->
      <class name="demopackage.LoginTest">
        <test-method is-config="true" signature="browserIntialisation(java.lang.String)[pri:0, instance:demopackage.LoginTest@642a7222]" started-at="2025-08-20T11:18:32 IST" name="browserIntialisation" finished-at="2025-08-20T11:18:34 IST" duration-ms="2392" status="PASS">
          <params>
            <param index="0">
              <value>
                <![CDATA[chrome]]>
              </value>
            </param>
          </params>
          <reporter-output>
          </reporter-output>
        </test-method> <!-- browserIntialisation -->
        <test-method signature="loginWithValidCredentials()[pri:1, instance:demopackage.LoginTest@642a7222]" started-at="2025-08-20T11:18:34 IST" name="loginWithValidCredentials" finished-at="2025-08-20T11:18:35 IST" duration-ms="730" status="PASS">
          <reporter-output>
          </reporter-output>
        </test-method> <!-- loginWithValidCredentials -->
        <test-method is-config="true" signature="quitandClose()[pri:0, instance:demopackage.LoginTest@642a7222]" started-at="2025-08-20T11:18:35 IST" name="quitandClose" finished-at="2025-08-20T11:18:35 IST" duration-ms="227" status="PASS">
          <reporter-output>
          </reporter-output>
        </test-method> <!-- quitandClose -->
      </class> <!-- demopackage.LoginTest -->
    </test> <!-- Test -->
  </suite> <!-- Suite -->
</testng-results>
