<?xml version="1.0" encoding="UTF-8"?>
<!-- Generated by org.testng.reporters.JUnitXMLReporter -->
<testsuite ignored="3" hostname="DESKTOP-4HRJJAG" failures="0" tests="3" name="Test" time="20.301" errors="0" timestamp="2025-08-20T11:18:35 IST">
  <testcase classname="demopackage.ManageNewsTest" name="manageNews" time="3.633"/>
  <testcase classname="demopackage.ManageNewsTest" name="newsUpdate" time="1.885"/>
  <testcase classname="demopackage.LoginTest" name="loginWithValidCredentials" time="0.73"/>
  <testcase classname="demopackage.LoginTest" name="loginWithValidUsername" time="0.0">
    <ignored/>
  </testcase> <!-- loginWithValidUsername -->
  <testcase classname="demopackage.LoginTest" name="loginWithValidPassword" time="0.0">
    <ignored/>
  </testcase> <!-- loginWithValidPassword -->
  <testcase classname="demopackage.LoginTest" name="loginWithInvalidCredentials" time="0.0">
    <ignored/>
  </testcase> <!-- loginWithInvalidCredentials -->
</testsuite> <!-- Test -->
